19:16:00.380 [SpringApplicationShutdownHook] INFO  o.s.o.j.LocalContainerEntityManagerFactoryBean - Closing JPA EntityManagerFactory for persistence unit 'default'
19:16:00.392 [SpringApplicationShutdownHook] INFO  com.zaxxer.hikari.HikariDataSource - employeeDatabase - Shutdown initiated...
19:16:00.400 [SpringApplicationShutdownHook] INFO  com.zaxxer.hikari.HikariDataSource - employeeDatabase - Shutdown completed.
19:16:03.760 [main] INFO  c.e.e.EmployeeCrudApplication - Starting EmployeeCrudApplication using Java 17.0.12 with PID 12916 (C:\Users\Md.Intakhab\Downloads\employeecrud\target\classes started by Md.Intakhab in C:\Users\Md.Intakhab\Downloads\employeecrud)
19:16:03.772 [main] INFO  c.e.e.EmployeeCrudApplication - No active profile set, falling back to 1 default profile: "default"
19:16:05.493 [main] INFO  o.s.d.r.c.RepositoryConfigurationDelegate - Bootstrapping Spring Data JPA repositories in DEFAULT mode.
19:16:05.608 [main] INFO  o.s.d.r.c.RepositoryConfigurationDelegate - Finished Spring Data repository scanning in 102 ms. Found 1 JPA repository interface.
19:16:06.846 [main] INFO  o.s.b.w.e.tomcat.TomcatWebServer - Tomcat initialized with port 8080 (http)
19:16:06.865 [main] INFO  o.a.coyote.http11.Http11NioProtocol - Initializing ProtocolHandler ["http-nio-8080"]
19:16:06.868 [main] INFO  o.a.catalina.core.StandardService - Starting service [Tomcat]
19:16:06.868 [main] INFO  o.a.catalina.core.StandardEngine - Starting Servlet engine: [Apache Tomcat/10.1.30]
19:16:06.989 [main] INFO  o.a.c.c.C.[Tomcat].[localhost].[/] - Initializing Spring embedded WebApplicationContext
19:16:06.989 [main] INFO  o.s.b.w.s.c.ServletWebServerApplicationContext - Root WebApplicationContext: initialization completed in 3065 ms
19:16:07.593 [main] INFO  o.h.jpa.internal.util.LogHelper - HHH000204: Processing PersistenceUnitInfo [name: default]
19:16:07.718 [main] INFO  org.hibernate.Version - HHH000412: Hibernate ORM core version 6.5.3.Final
19:16:07.791 [main] INFO  o.h.c.i.RegionFactoryInitiator - HHH000026: Second-level cache disabled
19:16:08.413 [main] INFO  o.s.o.j.p.SpringPersistenceUnitInfo - No LoadTimeWeaver setup: ignoring JPA class transformer
19:16:08.478 [main] INFO  com.zaxxer.hikari.HikariDataSource - employeeDatabase - Starting...
19:16:08.998 [main] INFO  com.zaxxer.hikari.pool.HikariPool - employeeDatabase - Added connection com.mysql.cj.jdbc.ConnectionImpl@65b5b5ed
19:16:08.999 [main] INFO  com.zaxxer.hikari.HikariDataSource - employeeDatabase - Start completed.
19:16:09.086 [main] WARN  org.hibernate.orm.deprecation - HHH90000025: MySQLDialect does not need to be specified explicitly using 'hibernate.dialect' (remove the property setting and it will be selected by default)
19:16:10.260 [main] INFO  o.h.e.t.j.p.i.JtaPlatformInitiator - HHH000489: No JTA platform available (set 'hibernate.transaction.jta.platform' to enable JTA platform integration)
19:16:10.307 [main] INFO  o.s.o.j.LocalContainerEntityManagerFactoryBean - Initialized JPA EntityManagerFactory for persistence unit 'default'
19:16:10.859 [main] WARN  o.s.b.a.o.j.JpaBaseConfiguration$JpaWebConfiguration - spring.jpa.open-in-view is enabled by default. Therefore, database queries may be performed during view rendering. Explicitly configure spring.jpa.open-in-view to disable this warning
19:16:11.499 [main] WARN  o.s.b.a.t.ThymeleafAutoConfiguration$DefaultTemplateResolverConfiguration - Cannot find template location: classpath:/templates/ (please add some templates, check your Thymeleaf configuration, or set spring.thymeleaf.check-template-location=false)
19:16:12.106 [main] INFO  o.s.b.a.e.web.EndpointLinksResolver - Exposing 14 endpoints beneath base path '/production'
19:16:12.218 [main] INFO  o.a.coyote.http11.Http11NioProtocol - Starting ProtocolHandler ["http-nio-8080"]
19:16:12.263 [main] INFO  o.s.b.w.e.tomcat.TomcatWebServer - Tomcat started on port 8080 (http) with context path '/'
19:16:12.289 [main] INFO  c.e.e.EmployeeCrudApplication - Started EmployeeCrudApplication in 9.135 seconds (process running for 10.137)
19:17:08.879 [SpringApplicationShutdownHook] INFO  o.s.o.j.LocalContainerEntityManagerFactoryBean - Closing JPA EntityManagerFactory for persistence unit 'default'
19:17:08.883 [SpringApplicationShutdownHook] INFO  com.zaxxer.hikari.HikariDataSource - employeeDatabase - Shutdown initiated...
19:17:08.895 [SpringApplicationShutdownHook] INFO  com.zaxxer.hikari.HikariDataSource - employeeDatabase - Shutdown completed.
